<?xml version="1.0" encoding="UTF-8"?>
<!-- Generated by org.testng.reporters.JUnitReportReporter -->
<testsuite hostname="LAPTOP-8QPOG4FJ" failures="0" tests="1" name="org.google.OrangeHRMTest" time="27.594" errors="0" timestamp="2022-05-26T22:47:04 EDT" skipped="0">
  <testcase classname="org.google.OrangeHRMTest" name="FinalProject" time="27.594"/>
  <system-out/>
</testsuite> <!-- org.google.OrangeHRMTest -->
